0 info it worked if it ends with ok
1 verbose cli [ 'E:\\Program Files\\nodejs\\node.exe',
1 verbose cli   'E:\\Program Files\\nodejs\\node_modules\\npm\\bin\\npm-cli.js',
1 verbose cli   'install',
1 verbose cli   'node-report',
1 verbose cli   '--save' ]
2 info using npm@3.10.10
3 info using node@v6.9.4
4 silly loadCurrentTree Starting
5 silly install loadCurrentTree
6 silly install readLocalPackageData
7 silly fetchPackageMetaData node-report
8 silly fetchNamedPackageData node-report
9 silly mapToRegistry name node-report
10 silly mapToRegistry using default registry
11 silly mapToRegistry registry https://registry.npmjs.org/
12 silly mapToRegistry data Result {
12 silly mapToRegistry   raw: 'node-report',
12 silly mapToRegistry   scope: null,
12 silly mapToRegistry   escapedName: 'node-report',
12 silly mapToRegistry   name: 'node-report',
12 silly mapToRegistry   rawSpec: '',
12 silly mapToRegistry   spec: 'latest',
12 silly mapToRegistry   type: 'tag' }
13 silly mapToRegistry uri https://registry.npmjs.org/node-report
14 verbose request uri https://registry.npmjs.org/node-report
15 verbose request no auth needed
16 info attempt registry request try #1 at 8:50:15 PM
17 verbose request id 1db6345857e0e68c
18 http request GET https://registry.npmjs.org/node-report
19 http 200 https://registry.npmjs.org/node-report
20 verbose headers { server: 'nginx/1.10.1',
20 verbose headers   'content-type': 'application/json',
20 verbose headers   'last-modified': 'Tue, 30 May 2017 12:41:36 GMT',
20 verbose headers   etag: 'W/"592d6880-340b"',
20 verbose headers   'content-encoding': 'gzip',
20 verbose headers   'cache-control': 'max-age=300',
20 verbose headers   'content-length': '3414',
20 verbose headers   'accept-ranges': 'bytes',
20 verbose headers   date: 'Wed, 31 May 2017 03:50:16 GMT',
20 verbose headers   via: '1.1 varnish',
20 verbose headers   age: '0',
20 verbose headers   connection: 'keep-alive',
20 verbose headers   'x-served-by': 'cache-sjc3140-SJC',
20 verbose headers   'x-cache': 'MISS',
20 verbose headers   'x-cache-hits': '0',
20 verbose headers   'x-timer': 'S1496202617.533688,VS0,VE20',
20 verbose headers   vary: 'Accept-Encoding' }
21 silly get cb [ 200,
21 silly get   { server: 'nginx/1.10.1',
21 silly get     'content-type': 'application/json',
21 silly get     'last-modified': 'Tue, 30 May 2017 12:41:36 GMT',
21 silly get     etag: 'W/"592d6880-340b"',
21 silly get     'content-encoding': 'gzip',
21 silly get     'cache-control': 'max-age=300',
21 silly get     'content-length': '3414',
21 silly get     'accept-ranges': 'bytes',
21 silly get     date: 'Wed, 31 May 2017 03:50:16 GMT',
21 silly get     via: '1.1 varnish',
21 silly get     age: '0',
21 silly get     connection: 'keep-alive',
21 silly get     'x-served-by': 'cache-sjc3140-SJC',
21 silly get     'x-cache': 'MISS',
21 silly get     'x-cache-hits': '0',
21 silly get     'x-timer': 'S1496202617.533688,VS0,VE20',
21 silly get     vary: 'Accept-Encoding' } ]
22 verbose get saving node-report to C:\Users\KAdeniji\AppData\Roaming\npm-cache\registry.npmjs.org\node-report\.cache.json
23 verbose correctMkdir C:\Users\KAdeniji\AppData\Roaming\npm-cache correctMkdir not in flight; initializing
24 silly install normalizeTree
25 silly loadCurrentTree Finishing
26 silly loadIdealTree Starting
27 silly install loadIdealTree
28 silly cloneCurrentTree Starting
29 silly install cloneCurrentTreeToIdealTree
30 silly cloneCurrentTree Finishing
31 silly loadShrinkwrap Starting
32 silly install loadShrinkwrap
33 silly loadShrinkwrap Finishing
34 silly loadAllDepsIntoIdealTree Starting
35 silly install loadAllDepsIntoIdealTree
36 silly resolveWithNewModule node-report@2.2.0 checking installable status
37 silly cache add args [ 'node-report', null ]
38 verbose cache add spec node-report
39 silly cache add parsed spec Result {
39 silly cache add   raw: 'node-report',
39 silly cache add   scope: null,
39 silly cache add   escapedName: 'node-report',
39 silly cache add   name: 'node-report',
39 silly cache add   rawSpec: '',
39 silly cache add   spec: 'latest',
39 silly cache add   type: 'tag' }
40 silly addNamed node-report@latest
41 verbose addNamed "latest" is being treated as a dist-tag for node-report
42 info addNameTag [ 'node-report', 'latest' ]
43 silly mapToRegistry name node-report
44 silly mapToRegistry using default registry
45 silly mapToRegistry registry https://registry.npmjs.org/
46 silly mapToRegistry data Result {
46 silly mapToRegistry   raw: 'node-report',
46 silly mapToRegistry   scope: null,
46 silly mapToRegistry   escapedName: 'node-report',
46 silly mapToRegistry   name: 'node-report',
46 silly mapToRegistry   rawSpec: '',
46 silly mapToRegistry   spec: 'latest',
46 silly mapToRegistry   type: 'tag' }
47 silly mapToRegistry uri https://registry.npmjs.org/node-report
48 verbose addNameTag registry:https://registry.npmjs.org/node-report not in flight; fetching
49 verbose get https://registry.npmjs.org/node-report not expired, no request
50 silly addNameTag next cb for node-report with tag latest
51 silly addNamed node-report@2.2.0
52 verbose addNamed "2.2.0" is a plain semver version for node-report
53 silly mapToRegistry name node-report
54 silly mapToRegistry using default registry
55 silly mapToRegistry registry https://registry.npmjs.org/
56 silly mapToRegistry data Result {
56 silly mapToRegistry   raw: 'node-report',
56 silly mapToRegistry   scope: null,
56 silly mapToRegistry   escapedName: 'node-report',
56 silly mapToRegistry   name: 'node-report',
56 silly mapToRegistry   rawSpec: '',
56 silly mapToRegistry   spec: 'latest',
56 silly mapToRegistry   type: 'tag' }
57 silly mapToRegistry uri https://registry.npmjs.org/node-report
58 verbose addRemoteTarball https://registry.npmjs.org/node-report/-/node-report-2.2.0.tgz not in flight; adding
59 verbose addRemoteTarball [ 'https://registry.npmjs.org/node-report/-/node-report-2.2.0.tgz',
59 verbose addRemoteTarball   '7985e0945f9ad44ea3821f6d6e71b329530bac92' ]
60 info retry fetch attempt 1 at 8:50:16 PM
61 info attempt registry request try #1 at 8:50:16 PM
62 http fetch GET https://registry.npmjs.org/node-report/-/node-report-2.2.0.tgz
63 http fetch 200 https://registry.npmjs.org/node-report/-/node-report-2.2.0.tgz
64 silly fetchAndShaCheck shasum 7985e0945f9ad44ea3821f6d6e71b329530bac92
65 verbose addTmpTarball C:\Users\KAdeniji\AppData\Local\Temp\npm-10016-a018eb26\registry.npmjs.org\node-report\-\node-report-2.2.0.tgz not in flight; adding
66 verbose addTmpTarball already have metadata; skipping unpack for node-report@2.2.0
67 verbose correctMkdir C:\Users\KAdeniji\AppData\Roaming\npm-cache correctMkdir not in flight; initializing
68 silly cache afterAdd node-report@2.2.0
69 verbose afterAdd C:\Users\KAdeniji\AppData\Roaming\npm-cache\node-report\2.2.0\package\package.json not in flight; writing
70 verbose correctMkdir C:\Users\KAdeniji\AppData\Roaming\npm-cache correctMkdir not in flight; initializing
71 verbose afterAdd C:\Users\KAdeniji\AppData\Roaming\npm-cache\node-report\2.2.0\package\package.json written
72 silly fetchNamedPackageData nan
73 silly mapToRegistry name nan
74 silly mapToRegistry using default registry
75 silly mapToRegistry registry https://registry.npmjs.org/
76 silly mapToRegistry data Result {
76 silly mapToRegistry   raw: 'nan',
76 silly mapToRegistry   scope: null,
76 silly mapToRegistry   escapedName: 'nan',
76 silly mapToRegistry   name: 'nan',
76 silly mapToRegistry   rawSpec: '',
76 silly mapToRegistry   spec: 'latest',
76 silly mapToRegistry   type: 'tag' }
77 silly mapToRegistry uri https://registry.npmjs.org/nan
78 verbose request uri https://registry.npmjs.org/nan
79 verbose request no auth needed
80 info attempt registry request try #1 at 8:50:16 PM
81 verbose etag W/"588531dd-1df56"
82 verbose lastModified Sun, 22 Jan 2017 22:27:41 GMT
83 http request GET https://registry.npmjs.org/nan
84 http 200 https://registry.npmjs.org/nan
85 verbose headers { server: 'nginx/1.10.3',
85 verbose headers   'content-type': 'application/json',
85 verbose headers   'last-modified': 'Tue, 30 May 2017 23:09:03 GMT',
85 verbose headers   etag: 'W/"592dfb8f-1f9f8"',
85 verbose headers   'content-encoding': 'gzip',
85 verbose headers   'cache-control': 'max-age=300',
85 verbose headers   'content-length': '15239',
85 verbose headers   'accept-ranges': 'bytes',
85 verbose headers   date: 'Wed, 31 May 2017 03:50:16 GMT',
85 verbose headers   via: '1.1 varnish',
85 verbose headers   age: '235',
85 verbose headers   connection: 'keep-alive',
85 verbose headers   'x-served-by': 'cache-sjc3140-SJC',
85 verbose headers   'x-cache': 'HIT',
85 verbose headers   'x-cache-hits': '3',
85 verbose headers   'x-timer': 'S1496202617.872552,VS0,VE0',
85 verbose headers   vary: 'Accept-Encoding' }
86 silly get cb [ 200,
86 silly get   { server: 'nginx/1.10.3',
86 silly get     'content-type': 'application/json',
86 silly get     'last-modified': 'Tue, 30 May 2017 23:09:03 GMT',
86 silly get     etag: 'W/"592dfb8f-1f9f8"',
86 silly get     'content-encoding': 'gzip',
86 silly get     'cache-control': 'max-age=300',
86 silly get     'content-length': '15239',
86 silly get     'accept-ranges': 'bytes',
86 silly get     date: 'Wed, 31 May 2017 03:50:16 GMT',
86 silly get     via: '1.1 varnish',
86 silly get     age: '235',
86 silly get     connection: 'keep-alive',
86 silly get     'x-served-by': 'cache-sjc3140-SJC',
86 silly get     'x-cache': 'HIT',
86 silly get     'x-cache-hits': '3',
86 silly get     'x-timer': 'S1496202617.872552,VS0,VE0',
86 silly get     vary: 'Accept-Encoding' } ]
87 verbose get saving nan to C:\Users\KAdeniji\AppData\Roaming\npm-cache\registry.npmjs.org\nan\.cache.json
88 verbose correctMkdir C:\Users\KAdeniji\AppData\Roaming\npm-cache correctMkdir not in flight; initializing
89 silly resolveWithNewModule nan@2.6.2 checking installable status
90 silly cache add args [ 'nan@^2.3.5', null ]
91 verbose cache add spec nan@^2.3.5
92 silly cache add parsed spec Result {
92 silly cache add   raw: 'nan@^2.3.5',
92 silly cache add   scope: null,
92 silly cache add   escapedName: 'nan',
92 silly cache add   name: 'nan',
92 silly cache add   rawSpec: '^2.3.5',
92 silly cache add   spec: '>=2.3.5 <3.0.0',
92 silly cache add   type: 'range' }
93 silly addNamed nan@>=2.3.5 <3.0.0
94 verbose addNamed ">=2.3.5 <3.0.0" is a valid semver range for nan
95 silly addNameRange { name: 'nan', range: '>=2.3.5 <3.0.0', hasData: false }
96 silly mapToRegistry name nan
97 silly mapToRegistry using default registry
98 silly mapToRegistry registry https://registry.npmjs.org/
99 silly mapToRegistry data Result {
99 silly mapToRegistry   raw: 'nan',
99 silly mapToRegistry   scope: null,
99 silly mapToRegistry   escapedName: 'nan',
99 silly mapToRegistry   name: 'nan',
99 silly mapToRegistry   rawSpec: '',
99 silly mapToRegistry   spec: 'latest',
99 silly mapToRegistry   type: 'tag' }
100 silly mapToRegistry uri https://registry.npmjs.org/nan
101 verbose addNameRange registry:https://registry.npmjs.org/nan not in flight; fetching
102 verbose get https://registry.npmjs.org/nan not expired, no request
103 silly addNameRange number 2 { name: 'nan', range: '>=2.3.5 <3.0.0', hasData: true }
104 silly addNameRange versions [ 'nan',
104 silly addNameRange   [ '0.3.0-wip',
104 silly addNameRange     '0.3.0-wip2',
104 silly addNameRange     '0.3.0',
104 silly addNameRange     '0.3.1',
104 silly addNameRange     '0.3.2',
104 silly addNameRange     '0.4.0',
104 silly addNameRange     '0.4.1',
104 silly addNameRange     '0.4.2',
104 silly addNameRange     '0.4.3',
104 silly addNameRange     '0.4.4',
104 silly addNameRange     '0.5.0',
104 silly addNameRange     '0.5.1',
104 silly addNameRange     '0.5.2',
104 silly addNameRange     '0.6.0',
104 silly addNameRange     '0.7.0',
104 silly addNameRange     '0.7.1',
104 silly addNameRange     '0.8.0',
104 silly addNameRange     '1.0.0',
104 silly addNameRange     '1.1.0',
104 silly addNameRange     '1.1.1',
104 silly addNameRange     '1.1.2',
104 silly addNameRange     '1.2.0',
104 silly addNameRange     '1.3.0',
104 silly addNameRange     '1.4.0',
104 silly addNameRange     '1.4.1',
104 silly addNameRange     '1.5.0',
104 silly addNameRange     '1.4.2',
104 silly addNameRange     '1.4.3',
104 silly addNameRange     '1.5.1',
104 silly addNameRange     '1.5.2',
104 silly addNameRange     '1.6.0',
104 silly addNameRange     '1.5.3',
104 silly addNameRange     '1.6.1',
104 silly addNameRange     '1.6.2',
104 silly addNameRange     '1.7.0',
104 silly addNameRange     '1.8.0',
104 silly addNameRange     '1.8.1',
104 silly addNameRange     '1.8.2',
104 silly addNameRange     '1.8.3',
104 silly addNameRange     '1.8.4',
104 silly addNameRange     '1.9.0',
104 silly addNameRange     '2.0.0',
104 silly addNameRange     '2.0.1',
104 silly addNameRange     '2.0.2',
104 silly addNameRange     '2.0.3',
104 silly addNameRange     '2.0.4',
104 silly addNameRange     '2.0.5',
104 silly addNameRange     '2.0.6',
104 silly addNameRange     '2.0.7',
104 silly addNameRange     '2.0.8',
104 silly addNameRange     '2.0.9',
104 silly addNameRange     '2.1.0',
104 silly addNameRange     '2.2.0',
104 silly addNameRange     '2.2.1',
104 silly addNameRange     '2.3.0',
104 silly addNameRange     '2.3.1',
104 silly addNameRange     '2.3.2',
104 silly addNameRange     '2.3.3',
104 silly addNameRange     '2.3.4',
104 silly addNameRange     '2.3.5',
104 silly addNameRange     '2.4.0',
104 silly addNameRange     '2.5.0',
104 silly addNameRange     '2.5.1',
104 silly addNameRange     '2.6.0',
104 silly addNameRange     '2.6.1',
104 silly addNameRange     '2.6.2' ] ]
105 silly addNamed nan@2.6.2
106 verbose addNamed "2.6.2" is a plain semver version for nan
107 silly mapToRegistry name nan
108 silly mapToRegistry using default registry
109 silly mapToRegistry registry https://registry.npmjs.org/
110 silly mapToRegistry data Result {
110 silly mapToRegistry   raw: 'nan',
110 silly mapToRegistry   scope: null,
110 silly mapToRegistry   escapedName: 'nan',
110 silly mapToRegistry   name: 'nan',
110 silly mapToRegistry   rawSpec: '',
110 silly mapToRegistry   spec: 'latest',
110 silly mapToRegistry   type: 'tag' }
111 silly mapToRegistry uri https://registry.npmjs.org/nan
112 verbose addRemoteTarball https://registry.npmjs.org/nan/-/nan-2.6.2.tgz not in flight; adding
113 verbose addRemoteTarball [ 'https://registry.npmjs.org/nan/-/nan-2.6.2.tgz',
113 verbose addRemoteTarball   'e4ff34e6c95fdfb5aecc08de6596f43605a7db45' ]
114 info retry fetch attempt 1 at 8:50:16 PM
115 info attempt registry request try #1 at 8:50:16 PM
116 http fetch GET https://registry.npmjs.org/nan/-/nan-2.6.2.tgz
117 http fetch 200 https://registry.npmjs.org/nan/-/nan-2.6.2.tgz
118 silly fetchAndShaCheck shasum e4ff34e6c95fdfb5aecc08de6596f43605a7db45
119 verbose addTmpTarball C:\Users\KAdeniji\AppData\Local\Temp\npm-10016-a018eb26\registry.npmjs.org\nan\-\nan-2.6.2.tgz not in flight; adding
120 verbose addTmpTarball already have metadata; skipping unpack for nan@2.6.2
121 verbose correctMkdir C:\Users\KAdeniji\AppData\Roaming\npm-cache correctMkdir not in flight; initializing
122 silly cache afterAdd nan@2.6.2
123 verbose afterAdd C:\Users\KAdeniji\AppData\Roaming\npm-cache\nan\2.6.2\package\package.json not in flight; writing
124 verbose correctMkdir C:\Users\KAdeniji\AppData\Roaming\npm-cache correctMkdir not in flight; initializing
125 verbose afterAdd C:\Users\KAdeniji\AppData\Roaming\npm-cache\nan\2.6.2\package\package.json written
126 silly loadAllDepsIntoIdealTree Finishing
127 silly loadIdealTree Finishing
128 silly currentTree wordengineering@1.0.0
128 silly currentTree +-- ansi-regex@2.1.1
128 silly currentTree +-- ansi-styles@2.2.1
128 silly currentTree +-- asn1@0.2.3
128 silly currentTree +-- assert-plus@0.2.0
128 silly currentTree +-- async@2.1.4
128 silly currentTree +-- asynckit@0.4.0
128 silly currentTree +-- aws-sign2@0.6.0
128 silly currentTree +-- aws4@1.5.0
128 silly currentTree +-- bcrypt-pbkdf@1.0.0
128 silly currentTree +-- boom@2.10.1
128 silly currentTree +-- bson@1.0.4
128 silly currentTree +-- buffer-shims@1.0.0
128 silly currentTree +-- caseless@0.11.0
128 silly currentTree +-- chalk@1.1.3
128 silly currentTree +-- cli-color@1.1.0
128 silly currentTree +-- combined-stream@1.0.5
128 silly currentTree +-- commander@2.9.0
128 silly currentTree +-- core-util-is@1.0.2
128 silly currentTree +-- cryptiles@2.0.5
128 silly currentTree +-- d@0.1.1
128 silly currentTree +-- dashdash@1.14.1
128 silly currentTree | `-- assert-plus@1.0.0
128 silly currentTree +-- delayed-stream@1.0.0
128 silly currentTree +-- ecc-jsbn@0.1.1
128 silly currentTree +-- es5-ext@0.10.12
128 silly currentTree +-- es6-iterator@2.0.0
128 silly currentTree +-- es6-promise@3.2.1
128 silly currentTree +-- es6-symbol@3.1.0
128 silly currentTree +-- es6-weak-map@0.1.4
128 silly currentTree | +-- es6-iterator@0.1.3
128 silly currentTree | `-- es6-symbol@2.0.1
128 silly currentTree +-- escape-string-regexp@1.0.5
128 silly currentTree +-- event-emitter@0.3.4
128 silly currentTree +-- extend@3.0.0
128 silly currentTree +-- extsprintf@1.0.2
128 silly currentTree +-- figlet@1.2.0
128 silly currentTree +-- forever-agent@0.6.1
128 silly currentTree +-- form-data@2.1.2
128 silly currentTree +-- generate-function@2.0.0
128 silly currentTree +-- generate-object-property@1.2.0
128 silly currentTree +-- getpass@0.1.6
128 silly currentTree | `-- assert-plus@1.0.0
128 silly currentTree +-- graceful-readlink@1.0.1
128 silly currentTree +-- har-validator@2.0.6
128 silly currentTree +-- has-ansi@2.0.0
128 silly currentTree +-- hawk@3.1.3
128 silly currentTree +-- hoek@2.16.3
128 silly currentTree +-- http-signature@1.1.1
128 silly currentTree +-- inherits@2.0.3
128 silly currentTree +-- is-my-json-valid@2.15.0
128 silly currentTree +-- is-property@1.0.2
128 silly currentTree +-- is-typedarray@1.0.0
128 silly currentTree +-- isarray@1.0.0
128 silly currentTree +-- isstream@0.1.2
128 silly currentTree +-- jodid25519@1.0.2
128 silly currentTree +-- jsbn@0.1.0
128 silly currentTree +-- json-schema@0.2.3
128 silly currentTree +-- json-stringify-safe@5.0.1
128 silly currentTree +-- jsonpointer@4.0.1
128 silly currentTree +-- jsprim@1.3.1
128 silly currentTree +-- lodash@4.17.4
128 silly currentTree +-- lru-queue@0.1.0
128 silly currentTree +-- memoizee@0.3.10
128 silly currentTree +-- mime-db@1.26.0
128 silly currentTree +-- mime-types@2.1.14
128 silly currentTree +-- mongodb-core@2.1.6
128 silly currentTree +-- mongodb@2.2.21
128 silly currentTree +-- next-tick@0.2.2
128 silly currentTree +-- oauth-sign@0.8.2
128 silly currentTree +-- pinkie-promise@2.0.1
128 silly currentTree +-- pinkie@2.0.4
128 silly currentTree +-- process-nextick-args@1.0.7
128 silly currentTree +-- punycode@1.4.1
128 silly currentTree +-- qs@6.3.0
128 silly currentTree +-- readable-stream@2.1.5
128 silly currentTree +-- request@2.79.0
128 silly currentTree +-- require_optional@1.0.0
128 silly currentTree +-- resolve-from@2.0.0
128 silly currentTree +-- semver@5.3.0
128 silly currentTree +-- sntp@1.0.9
128 silly currentTree +-- sshpk@1.10.2
128 silly currentTree | `-- assert-plus@1.0.0
128 silly currentTree +-- string_decoder@0.10.31
128 silly currentTree +-- stringstream@0.0.5
128 silly currentTree +-- strip-ansi@3.0.1
128 silly currentTree +-- supports-color@2.0.0
128 silly currentTree +-- timers-ext@0.1.0
128 silly currentTree +-- tough-cookie@2.3.2
128 silly currentTree +-- tunnel-agent@0.4.3
128 silly currentTree +-- tweetnacl@0.14.5
128 silly currentTree +-- util-deprecate@1.0.2
128 silly currentTree +-- uuid@3.0.1
128 silly currentTree +-- verror@1.3.6
128 silly currentTree `-- xtend@4.0.1
129 silly idealTree wordengineering@1.0.0
129 silly idealTree +-- ansi-regex@2.1.1
129 silly idealTree +-- ansi-styles@2.2.1
129 silly idealTree +-- asn1@0.2.3
129 silly idealTree +-- assert-plus@0.2.0
129 silly idealTree +-- async@2.1.4
129 silly idealTree +-- asynckit@0.4.0
129 silly idealTree +-- aws-sign2@0.6.0
129 silly idealTree +-- aws4@1.5.0
129 silly idealTree +-- bcrypt-pbkdf@1.0.0
129 silly idealTree +-- boom@2.10.1
129 silly idealTree +-- bson@1.0.4
129 silly idealTree +-- buffer-shims@1.0.0
129 silly idealTree +-- caseless@0.11.0
129 silly idealTree +-- chalk@1.1.3
129 silly idealTree +-- cli-color@1.1.0
129 silly idealTree +-- combined-stream@1.0.5
129 silly idealTree +-- commander@2.9.0
129 silly idealTree +-- core-util-is@1.0.2
129 silly idealTree +-- cryptiles@2.0.5
129 silly idealTree +-- d@0.1.1
129 silly idealTree +-- dashdash@1.14.1
129 silly idealTree | `-- assert-plus@1.0.0
129 silly idealTree +-- delayed-stream@1.0.0
129 silly idealTree +-- ecc-jsbn@0.1.1
129 silly idealTree +-- es5-ext@0.10.12
129 silly idealTree +-- es6-iterator@2.0.0
129 silly idealTree +-- es6-promise@3.2.1
129 silly idealTree +-- es6-symbol@3.1.0
129 silly idealTree +-- es6-weak-map@0.1.4
129 silly idealTree | +-- es6-iterator@0.1.3
129 silly idealTree | `-- es6-symbol@2.0.1
129 silly idealTree +-- escape-string-regexp@1.0.5
129 silly idealTree +-- event-emitter@0.3.4
129 silly idealTree +-- extend@3.0.0
129 silly idealTree +-- extsprintf@1.0.2
129 silly idealTree +-- figlet@1.2.0
129 silly idealTree +-- forever-agent@0.6.1
129 silly idealTree +-- form-data@2.1.2
129 silly idealTree +-- generate-function@2.0.0
129 silly idealTree +-- generate-object-property@1.2.0
129 silly idealTree +-- getpass@0.1.6
129 silly idealTree | `-- assert-plus@1.0.0
129 silly idealTree +-- graceful-readlink@1.0.1
129 silly idealTree +-- har-validator@2.0.6
129 silly idealTree +-- has-ansi@2.0.0
129 silly idealTree +-- hawk@3.1.3
129 silly idealTree +-- hoek@2.16.3
129 silly idealTree +-- http-signature@1.1.1
129 silly idealTree +-- inherits@2.0.3
129 silly idealTree +-- is-my-json-valid@2.15.0
129 silly idealTree +-- is-property@1.0.2
129 silly idealTree +-- is-typedarray@1.0.0
129 silly idealTree +-- isarray@1.0.0
129 silly idealTree +-- isstream@0.1.2
129 silly idealTree +-- jodid25519@1.0.2
129 silly idealTree +-- jsbn@0.1.0
129 silly idealTree +-- json-schema@0.2.3
129 silly idealTree +-- json-stringify-safe@5.0.1
129 silly idealTree +-- jsonpointer@4.0.1
129 silly idealTree +-- jsprim@1.3.1
129 silly idealTree +-- lodash@4.17.4
129 silly idealTree +-- lru-queue@0.1.0
129 silly idealTree +-- memoizee@0.3.10
129 silly idealTree +-- mime-db@1.26.0
129 silly idealTree +-- mime-types@2.1.14
129 silly idealTree +-- mongodb-core@2.1.6
129 silly idealTree +-- mongodb@2.2.21
129 silly idealTree +-- nan@2.6.2
129 silly idealTree +-- next-tick@0.2.2
129 silly idealTree +-- node-report@2.2.0
129 silly idealTree +-- oauth-sign@0.8.2
129 silly idealTree +-- pinkie-promise@2.0.1
129 silly idealTree +-- pinkie@2.0.4
129 silly idealTree +-- process-nextick-args@1.0.7
129 silly idealTree +-- punycode@1.4.1
129 silly idealTree +-- qs@6.3.0
129 silly idealTree +-- readable-stream@2.1.5
129 silly idealTree +-- request@2.79.0
129 silly idealTree +-- require_optional@1.0.0
129 silly idealTree +-- resolve-from@2.0.0
129 silly idealTree +-- semver@5.3.0
129 silly idealTree +-- sntp@1.0.9
129 silly idealTree +-- sshpk@1.10.2
129 silly idealTree | `-- assert-plus@1.0.0
129 silly idealTree +-- string_decoder@0.10.31
129 silly idealTree +-- stringstream@0.0.5
129 silly idealTree +-- strip-ansi@3.0.1
129 silly idealTree +-- supports-color@2.0.0
129 silly idealTree +-- timers-ext@0.1.0
129 silly idealTree +-- tough-cookie@2.3.2
129 silly idealTree +-- tunnel-agent@0.4.3
129 silly idealTree +-- tweetnacl@0.14.5
129 silly idealTree +-- util-deprecate@1.0.2
129 silly idealTree +-- uuid@3.0.1
129 silly idealTree +-- verror@1.3.6
129 silly idealTree `-- xtend@4.0.1
130 silly generateActionsToTake Starting
131 silly install generateActionsToTake
132 silly generateActionsToTake Finishing
133 silly diffTrees action count 2
134 silly diffTrees add nan@2.6.2
135 silly diffTrees add node-report@2.2.0
136 silly decomposeActions action count 16
137 silly decomposeActions fetch nan@2.6.2
138 silly decomposeActions extract nan@2.6.2
139 silly decomposeActions test nan@2.6.2
140 silly decomposeActions preinstall nan@2.6.2
141 silly decomposeActions build nan@2.6.2
142 silly decomposeActions install nan@2.6.2
143 silly decomposeActions postinstall nan@2.6.2
144 silly decomposeActions finalize nan@2.6.2
145 silly decomposeActions fetch node-report@2.2.0
146 silly decomposeActions extract node-report@2.2.0
147 silly decomposeActions test node-report@2.2.0
148 silly decomposeActions preinstall node-report@2.2.0
149 silly decomposeActions build node-report@2.2.0
150 silly decomposeActions install node-report@2.2.0
151 silly decomposeActions postinstall node-report@2.2.0
152 silly decomposeActions finalize node-report@2.2.0
153 silly runTopLevelLifecycles Starting
154 silly executeActions Starting
155 silly install executeActions
156 silly doSerial global-install 0
157 silly doParallel fetch 2
158 verbose correctMkdir C:\Users\KAdeniji\AppData\Roaming\npm-cache\_locks correctMkdir not in flight; initializing
159 verbose lock using C:\Users\KAdeniji\AppData\Roaming\npm-cache\_locks\staging-587102c3ed80d99a.lock for E:\Node.js\wordengineering\node_modules\.staging
160 silly doParallel extract 2
161 silly extract nan@2.6.2
162 silly extract node-report@2.2.0
163 verbose unbuild node_modules\.staging\node-report-51e2c139
164 verbose unbuild node_modules\.staging\nan-9b51df6b
165 silly gentlyRm E:\Node.js\wordengineering\node_modules\.staging\node-report-51e2c139 is being purged from base E:\Node.js\wordengineering
166 verbose gentlyRm don't care about contents; nuking E:\Node.js\wordengineering\node_modules\.staging\node-report-51e2c139
167 silly gentlyRm E:\Node.js\wordengineering\node_modules\.staging\nan-9b51df6b is being purged from base E:\Node.js\wordengineering
168 verbose gentlyRm don't care about contents; nuking E:\Node.js\wordengineering\node_modules\.staging\nan-9b51df6b
169 verbose tar unpack C:\Users\KAdeniji\AppData\Roaming\npm-cache\node-report\2.2.0\package.tgz
170 verbose tar unpacking to E:\Node.js\wordengineering\node_modules\.staging\node-report-51e2c139
171 silly gentlyRm E:\Node.js\wordengineering\node_modules\.staging\node-report-51e2c139 is being purged
172 verbose gentlyRm don't care about contents; nuking E:\Node.js\wordengineering\node_modules\.staging\node-report-51e2c139
173 verbose tar unpack C:\Users\KAdeniji\AppData\Roaming\npm-cache\nan\2.6.2\package.tgz
174 verbose tar unpacking to E:\Node.js\wordengineering\node_modules\.staging\nan-9b51df6b
175 silly gentlyRm E:\Node.js\wordengineering\node_modules\.staging\nan-9b51df6b is being purged
176 verbose gentlyRm don't care about contents; nuking E:\Node.js\wordengineering\node_modules\.staging\nan-9b51df6b
177 silly gunzTarPerm modes [ '777', '666' ]
178 silly gunzTarPerm modes [ '777', '666' ]
179 silly gunzTarPerm extractEntry package.json
180 silly gunzTarPerm modified mode [ 'package.json', 436, 438 ]
181 silly gunzTarPerm extractEntry package.json
182 silly gunzTarPerm modified mode [ 'package.json', 436, 438 ]
183 silly gunzTarPerm extractEntry README.md
184 silly gunzTarPerm modified mode [ 'README.md', 436, 438 ]
185 silly gunzTarPerm extractEntry include_dirs.js
186 silly gunzTarPerm modified mode [ 'include_dirs.js', 436, 438 ]
187 silly gunzTarPerm extractEntry README.md
188 silly gunzTarPerm modified mode [ 'README.md', 436, 438 ]
189 silly gunzTarPerm extractEntry index.js
190 silly gunzTarPerm modified mode [ 'index.js', 436, 438 ]
191 silly gunzTarPerm extractEntry nan_converters_43_inl.h
192 silly gunzTarPerm modified mode [ 'nan_converters_43_inl.h', 436, 438 ]
193 silly gunzTarPerm extractEntry LICENSE.md
194 silly gunzTarPerm modified mode [ 'LICENSE.md', 436, 438 ]
195 silly gunzTarPerm extractEntry doc/new.md
196 silly gunzTarPerm modified mode [ 'doc/new.md', 436, 438 ]
197 silly gunzTarPerm extractEntry CHANGES.md
198 silly gunzTarPerm modified mode [ 'CHANGES.md', 436, 438 ]
199 silly gunzTarPerm extractEntry LICENCE.md
200 silly gunzTarPerm modified mode [ 'LICENCE.md', 436, 438 ]
201 silly gunzTarPerm extractEntry doc/asyncworker.md
202 silly gunzTarPerm modified mode [ 'doc/asyncworker.md', 436, 438 ]
203 silly gunzTarPerm extractEntry binding.gyp
204 silly gunzTarPerm modified mode [ 'binding.gyp', 436, 438 ]
205 silly gunzTarPerm extractEntry src/module.cc
206 silly gunzTarPerm modified mode [ 'src/module.cc', 436, 438 ]
207 silly gunzTarPerm extractEntry doc/callback.md
208 silly gunzTarPerm modified mode [ 'doc/callback.md', 436, 438 ]
209 silly gunzTarPerm extractEntry doc/converters.md
210 silly gunzTarPerm modified mode [ 'doc/converters.md', 436, 438 ]
211 silly gunzTarPerm extractEntry src/node_report.cc
212 silly gunzTarPerm modified mode [ 'src/node_report.cc', 436, 438 ]
213 silly gunzTarPerm extractEntry doc/errors.md
214 silly gunzTarPerm modified mode [ 'doc/errors.md', 436, 438 ]
215 silly gunzTarPerm extractEntry doc/json.md
216 silly gunzTarPerm modified mode [ 'doc/json.md', 436, 438 ]
217 silly gunzTarPerm extractEntry doc/maybe_types.md
218 silly gunzTarPerm modified mode [ 'doc/maybe_types.md', 436, 438 ]
219 silly gunzTarPerm extractEntry doc/methods.md
220 silly gunzTarPerm modified mode [ 'doc/methods.md', 436, 438 ]
221 silly gunzTarPerm extractEntry src/node_report.h
222 silly gunzTarPerm modified mode [ 'src/node_report.h', 436, 438 ]
223 silly gunzTarPerm extractEntry doc/buffers.md
224 silly gunzTarPerm modified mode [ 'doc/buffers.md', 436, 438 ]
225 silly gunzTarPerm extractEntry doc/node_misc.md
226 silly gunzTarPerm modified mode [ 'doc/node_misc.md', 436, 438 ]
227 silly gunzTarPerm extractEntry doc/object_wrappers.md
228 silly gunzTarPerm modified mode [ 'doc/object_wrappers.md', 436, 438 ]
229 silly gunzTarPerm extractEntry doc/persistent.md
230 silly gunzTarPerm modified mode [ 'doc/persistent.md', 436, 438 ]
231 silly gunzTarPerm extractEntry doc/scopes.md
232 silly gunzTarPerm modified mode [ 'doc/scopes.md', 436, 438 ]
233 silly gunzTarPerm extractEntry doc/script.md
234 silly gunzTarPerm modified mode [ 'doc/script.md', 436, 438 ]
235 silly gunzTarPerm extractEntry doc/string_bytes.md
236 silly gunzTarPerm modified mode [ 'doc/string_bytes.md', 436, 438 ]
237 silly gunzTarPerm extractEntry doc/v8_internals.md
238 silly gunzTarPerm modified mode [ 'doc/v8_internals.md', 436, 438 ]
239 silly gunzTarPerm extractEntry doc/v8_misc.md
240 silly gunzTarPerm modified mode [ 'doc/v8_misc.md', 436, 438 ]
241 silly gunzTarPerm extractEntry nan.h
242 silly gunzTarPerm modified mode [ 'nan.h', 436, 438 ]
243 silly gunzTarPerm extractEntry nan_callbacks.h
244 silly gunzTarPerm modified mode [ 'nan_callbacks.h', 436, 438 ]
245 silly gentlyRm E:\Node.js\wordengineering\node_modules\.staging\node-report-51e2c139\node_modules is being purged
246 verbose gentlyRm don't care about contents; nuking E:\Node.js\wordengineering\node_modules\.staging\node-report-51e2c139\node_modules
247 silly gunzTarPerm extractEntry nan_callbacks_12_inl.h
248 silly gunzTarPerm modified mode [ 'nan_callbacks_12_inl.h', 436, 438 ]
249 silly gunzTarPerm extractEntry nan_callbacks_pre_12_inl.h
250 silly gunzTarPerm modified mode [ 'nan_callbacks_pre_12_inl.h', 436, 438 ]
251 silly gunzTarPerm extractEntry nan_converters.h
252 silly gunzTarPerm modified mode [ 'nan_converters.h', 436, 438 ]
253 silly gunzTarPerm extractEntry nan_converters_pre_43_inl.h
254 silly gunzTarPerm modified mode [ 'nan_converters_pre_43_inl.h', 436, 438 ]
255 silly gunzTarPerm extractEntry nan_implementation_12_inl.h
256 silly gunzTarPerm modified mode [ 'nan_implementation_12_inl.h', 436, 438 ]
257 silly gunzTarPerm extractEntry nan_implementation_pre_12_inl.h
258 silly gunzTarPerm modified mode [ 'nan_implementation_pre_12_inl.h', 436, 438 ]
259 silly gunzTarPerm extractEntry nan_json.h
260 silly gunzTarPerm modified mode [ 'nan_json.h', 436, 438 ]
261 silly gunzTarPerm extractEntry nan_maybe_43_inl.h
262 silly gunzTarPerm modified mode [ 'nan_maybe_43_inl.h', 436, 438 ]
263 silly gunzTarPerm extractEntry nan_maybe_pre_43_inl.h
264 silly gunzTarPerm modified mode [ 'nan_maybe_pre_43_inl.h', 436, 438 ]
265 silly gunzTarPerm extractEntry nan_new.h
266 silly gunzTarPerm modified mode [ 'nan_new.h', 436, 438 ]
267 silly gunzTarPerm extractEntry nan_object_wrap.h
268 silly gunzTarPerm modified mode [ 'nan_object_wrap.h', 436, 438 ]
269 silly gunzTarPerm extractEntry nan_persistent_12_inl.h
270 silly gunzTarPerm modified mode [ 'nan_persistent_12_inl.h', 436, 438 ]
271 silly gunzTarPerm extractEntry nan_persistent_pre_12_inl.h
272 silly gunzTarPerm modified mode [ 'nan_persistent_pre_12_inl.h', 436, 438 ]
273 silly gunzTarPerm extractEntry nan_private.h
274 silly gunzTarPerm modified mode [ 'nan_private.h', 436, 438 ]
275 silly gunzTarPerm extractEntry nan_string_bytes.h
276 silly gunzTarPerm modified mode [ 'nan_string_bytes.h', 436, 438 ]
277 silly gunzTarPerm extractEntry nan_typedarray_contents.h
278 silly gunzTarPerm modified mode [ 'nan_typedarray_contents.h', 436, 438 ]
279 silly gunzTarPerm extractEntry nan_weak.h
280 silly gunzTarPerm modified mode [ 'nan_weak.h', 436, 438 ]
281 silly gunzTarPerm extractEntry CHANGELOG.md
282 silly gunzTarPerm modified mode [ 'CHANGELOG.md', 436, 438 ]
283 silly gunzTarPerm extractEntry tools/package.json
284 silly gunzTarPerm modified mode [ 'tools/package.json', 436, 438 ]
285 silly gunzTarPerm extractEntry tools/README.md
286 silly gunzTarPerm modified mode [ 'tools/README.md', 436, 438 ]
287 silly gunzTarPerm extractEntry tools/1to2.js
288 silly gunzTarPerm modified mode [ 'tools/1to2.js', 509, 511 ]
289 silly gentlyRm E:\Node.js\wordengineering\node_modules\.staging\nan-9b51df6b\node_modules is being purged
290 verbose gentlyRm don't care about contents; nuking E:\Node.js\wordengineering\node_modules\.staging\nan-9b51df6b\node_modules
291 silly doParallel preinstall 2
292 silly preinstall nan@2.6.2 E:\Node.js\wordengineering\node_modules\.staging\nan-9b51df6b
293 info lifecycle nan@2.6.2~preinstall: nan@2.6.2
294 silly preinstall node-report@2.2.0 E:\Node.js\wordengineering\node_modules\.staging\node-report-51e2c139
295 info lifecycle node-report@2.2.0~preinstall: node-report@2.2.0
296 silly lifecycle nan@2.6.2~preinstall: no script for preinstall, continuing
297 silly lifecycle node-report@2.2.0~preinstall: no script for preinstall, continuing
298 silly doReverseSerial remove 0
299 silly doSerial move 0
300 silly doSerial finalize 2
301 silly finalize E:\Node.js\wordengineering\node_modules\nan
302 silly finalize E:\Node.js\wordengineering\node_modules\node-report
303 silly doSerial build 2
304 silly build nan@2.6.2
305 info linkStuff nan@2.6.2
306 silly linkStuff nan@2.6.2 has E:\Node.js\wordengineering\node_modules as its parent node_modules
307 verbose linkBins nan@2.6.2
308 verbose linkMans nan@2.6.2
309 silly build node-report@2.2.0
310 info linkStuff node-report@2.2.0
311 silly linkStuff node-report@2.2.0 has E:\Node.js\wordengineering\node_modules as its parent node_modules
312 verbose linkBins node-report@2.2.0
313 verbose linkMans node-report@2.2.0
314 silly doSerial global-link 0
315 silly doParallel update-linked 0
316 silly doSerial install 2
317 silly install nan@2.6.2 E:\Node.js\wordengineering\node_modules\.staging\nan-9b51df6b
318 info lifecycle nan@2.6.2~install: nan@2.6.2
319 silly lifecycle nan@2.6.2~install: no script for install, continuing
320 silly install node-report@2.2.0 E:\Node.js\wordengineering\node_modules\.staging\node-report-51e2c139
321 info lifecycle node-report@2.2.0~install: node-report@2.2.0
322 verbose lifecycle node-report@2.2.0~install: unsafe-perm in lifecycle true
323 verbose lifecycle node-report@2.2.0~install: PATH: E:\Program Files\nodejs\node_modules\npm\bin\node-gyp-bin;E:\Node.js\wordengineering\node_modules\node-report\node_modules\.bin;E:\Node.js\wordengineering\node_modules\.bin;C:\ProgramData\Oracle\Java\javapath;C:\Windows\system32;C:\Windows;C:\Windows\System32\Wbem;C:\Windows\System32\WindowsPowerShell\v1.0\;E:\Program Files\Microsoft SQL Server\120\DTS\Binn\;E:\Program Files\Microsoft SQL Server\Client SDK\ODBC\110\Tools\Binn\;E:\Program Files (x86)\Microsoft SQL Server\120\Tools\Binn\;E:\Program Files\Microsoft SQL Server\120\Tools\Binn\;E:\Program Files (x86)\Microsoft SQL Server\120\Tools\Binn\ManagementStudio\;E:\Program Files (x86)\Microsoft SQL Server\120\DTS\Binn\;E:\Program Files\Microsoft SQL Server\130\Tools\Binn\;E:\Program Files\nodejs\;E:\Program Files\Curl;E:\Program Files\PuTTY\;C:\Program Files (x86)\Windows Kits\10\Windows Performance Toolkit\;C:\Program Files\dotnet\;C:\Program Files (x86)\Xoreax\IncrediBuild;C:\Program Files\Git\cmd;C:\Program Files (x86)\GtkSharp\2.12\bin;E:\Program Files (x86)\Microsoft Visual Studio\2017\Community\VC\Tools\MSVC\14.10.25017\bin\HostX86\x86;E:\Program Files (x86)\Microsoft Visual Studio\2017\Community\MSBuild\15.0\Bin\Roslyn;C:\Users\KAdeniji\.dnx\bin;C:\Users\KAdeniji\AppData\Roaming\npm
324 verbose lifecycle node-report@2.2.0~install: CWD: E:\Node.js\wordengineering\node_modules\node-report
325 silly lifecycle node-report@2.2.0~install: Args: [ '/d /s /c', 'node-gyp rebuild' ]
326 silly lifecycle node-report@2.2.0~install: Returned: code: 1  signal: null
327 info lifecycle node-report@2.2.0~install: Failed to exec install script
328 verbose unlock done using C:\Users\KAdeniji\AppData\Roaming\npm-cache\_locks\staging-587102c3ed80d99a.lock for E:\Node.js\wordengineering\node_modules\.staging
329 silly rollbackFailedOptional Starting
330 silly rollbackFailedOptional Finishing
331 silly runTopLevelLifecycles Finishing
332 silly install printInstalled
333 verbose stack Error: node-report@2.2.0 install: `node-gyp rebuild`
333 verbose stack Exit status 1
333 verbose stack     at EventEmitter.<anonymous> (E:\Program Files\nodejs\node_modules\npm\lib\utils\lifecycle.js:255:16)
333 verbose stack     at emitTwo (events.js:106:13)
333 verbose stack     at EventEmitter.emit (events.js:191:7)
333 verbose stack     at ChildProcess.<anonymous> (E:\Program Files\nodejs\node_modules\npm\lib\utils\spawn.js:40:14)
333 verbose stack     at emitTwo (events.js:106:13)
333 verbose stack     at ChildProcess.emit (events.js:191:7)
333 verbose stack     at maybeClose (internal/child_process.js:877:16)
333 verbose stack     at Process.ChildProcess._handle.onexit (internal/child_process.js:226:5)
334 verbose pkgid node-report@2.2.0
335 verbose cwd E:\Node.js\wordengineering
336 error Windows_NT 6.1.7601
337 error argv "E:\\Program Files\\nodejs\\node.exe" "E:\\Program Files\\nodejs\\node_modules\\npm\\bin\\npm-cli.js" "install" "node-report" "--save"
338 error node v6.9.4
339 error npm  v3.10.10
340 error code ELIFECYCLE
341 error node-report@2.2.0 install: `node-gyp rebuild`
341 error Exit status 1
342 error Failed at the node-report@2.2.0 install script 'node-gyp rebuild'.
342 error Make sure you have the latest version of node.js and npm installed.
342 error If you do, this is most likely a problem with the node-report package,
342 error not with npm itself.
342 error Tell the author that this fails on your system:
342 error     node-gyp rebuild
342 error You can get information on how to open an issue for this project with:
342 error     npm bugs node-report
342 error Or if that isn't available, you can get their info via:
342 error     npm owner ls node-report
342 error There is likely additional logging output above.
343 verbose exit [ 1, true ]
